<?xml version="1.0" encoding="UTF-8"?>
<!-- Generated by org.testng.reporters.JUnitReportReporter -->
<testsuite skipped="0" hostname="LAPTOP-EKQQF59L" name="binary.BinaryWeb" tests="5" failures="0" timestamp="14 Apr 2017 13:01:46 GMT" time="16.572" errors="0">
  <testcase name="tesLink" time="11.202" classname="binary.BinaryWeb"/>
  <testcase name="getCSSValues" time="0.289" classname="binary.BinaryWeb"/>
  <testcase name="getCokkies" time="3.379" classname="binary.BinaryWeb"/>
  <testcase name="verfy" time="1.701" classname="binary.BinaryWeb"/>
  <testcase name="moveToSecondWindow" time="0.001" classname="binary.BinaryWeb"/>
</testsuite> <!-- binary.BinaryWeb -->
