<?xml version="1.0" encoding="UTF-8"?>
<!-- Generated by org.testng.reporters.JUnitReportReporter -->
<testsuite skipped="0" hostname="LAPTOP-EKQQF59L" name="testNGParameter.TestParameters" tests="2" failures="0" timestamp="18 Apr 2017 13:15:05 GMT" time="0.066" errors="0">
  <testcase name="testCaseTwo" time="0.003" classname="testNGParameter.TestParameters"/>
  <testcase name="testCaseOne" time="0.063" classname="testNGParameter.TestParameters"/>
</testsuite> <!-- testNGParameter.TestParameters -->
