<?xml version="1.0" encoding="UTF-8"?>
<!-- Generated by org.testng.reporters.JUnitReportReporter -->
<testsuite skipped="0" hostname="LAPTOP-EKQQF59L" name="cssValues.GetCSSvalues" tests="3" failures="0" timestamp="14 Apr 2017 12:10:23 GMT" time="0.487" errors="0">
  <testcase name="getCssValue_ButtonColor" time="0.435" classname="cssValues.GetCSSvalues"/>
  <testcase name="getCssValue_ButtonFontSize" time="0.032" classname="cssValues.GetCSSvalues"/>
  <testcase name="getCssValue_ButtonFontWeight" time="0.020" classname="cssValues.GetCSSvalues"/>
</testsuite> <!-- cssValues.GetCSSvalues -->
